[2021-03-03 22:16:09:846][restartedMain] INFO  c.p.c.PharmacyChorokApplication - Starting PharmacyChorokApplication using Java 15.0.1 on LAPTOP-EP09Q8Q3 with PID 12712 (C:\workspace\pharmacy-chorok\bin\main started by jjang in C:\workspace\pharmacy-chorok)
[2021-03-03 22:16:09:854][restartedMain] INFO  c.p.c.PharmacyChorokApplication - No active profile set, falling back to default profiles: default
[2021-03-03 22:16:12:3954][restartedMain] INFO  c.p.c.PharmacyChorokApplication - Started PharmacyChorokApplication in 3.659 seconds (JVM running for 4.936)
[2021-03-03 22:28:52:763948][restartedMain] INFO  c.p.c.PharmacyChorokApplication - Starting PharmacyChorokApplication using Java 15.0.1 on LAPTOP-EP09Q8Q3 with PID 12712 (C:\workspace\pharmacy-chorok\bin\main started by jjang in C:\workspace\pharmacy-chorok)
[2021-03-03 22:28:52:763951][restartedMain] INFO  c.p.c.PharmacyChorokApplication - No active profile set, falling back to default profiles: default
[2021-03-03 22:28:53:764565][restartedMain] INFO  c.p.c.PharmacyChorokApplication - Started PharmacyChorokApplication in 0.663 seconds (JVM running for 765.546)
[2021-03-03 22:55:05:2336893][restartedMain] INFO  c.p.c.PharmacyChorokApplication - Starting PharmacyChorokApplication using Java 15.0.1 on LAPTOP-EP09Q8Q3 with PID 12712 (C:\workspace\pharmacy-chorok\bin\main started by jjang in C:\workspace\pharmacy-chorok)
[2021-03-03 22:55:05:2336893][restartedMain] INFO  c.p.c.PharmacyChorokApplication - No active profile set, falling back to default profiles: default
[2021-03-03 22:55:06:2337475][restartedMain] INFO  c.p.c.PharmacyChorokApplication - Started PharmacyChorokApplication in 0.623 seconds (JVM running for 2338.457)
[2021-03-03 22:58:03:2514924][restartedMain] INFO  c.p.c.PharmacyChorokApplication - Starting PharmacyChorokApplication using Java 15.0.1 on LAPTOP-EP09Q8Q3 with PID 12712 (C:\workspace\pharmacy-chorok\bin\main started by jjang in C:\workspace\pharmacy-chorok)
[2021-03-03 22:58:03:2514925][restartedMain] INFO  c.p.c.PharmacyChorokApplication - No active profile set, falling back to default profiles: default
[2021-03-03 22:58:04:2515560][restartedMain] INFO  c.p.c.PharmacyChorokApplication - Started PharmacyChorokApplication in 0.684 seconds (JVM running for 2516.541)
[2021-03-03 22:58:11:2522981][restartedMain] INFO  c.p.c.PharmacyChorokApplication - Starting PharmacyChorokApplication using Java 15.0.1 on LAPTOP-EP09Q8Q3 with PID 12712 (C:\workspace\pharmacy-chorok\bin\main started by jjang in C:\workspace\pharmacy-chorok)
[2021-03-03 22:58:11:2522981][restartedMain] INFO  c.p.c.PharmacyChorokApplication - No active profile set, falling back to default profiles: default
[2021-03-03 22:58:12:2523682][restartedMain] INFO  c.p.c.PharmacyChorokApplication - Started PharmacyChorokApplication in 0.767 seconds (JVM running for 2524.664)
[2021-03-03 22:58:22:2533413][restartedMain] INFO  c.p.c.PharmacyChorokApplication - Starting PharmacyChorokApplication using Java 15.0.1 on LAPTOP-EP09Q8Q3 with PID 12712 (C:\workspace\pharmacy-chorok\bin\main started by jjang in C:\workspace\pharmacy-chorok)
[2021-03-03 22:58:22:2533414][restartedMain] INFO  c.p.c.PharmacyChorokApplication - No active profile set, falling back to default profiles: default
[2021-03-03 22:58:22:2533943][restartedMain] INFO  c.p.c.PharmacyChorokApplication - Started PharmacyChorokApplication in 0.571 seconds (JVM running for 2534.924)
[2021-03-04 20:17:26:821093][restartedMain] INFO  c.p.c.PharmacyChorokApplication - Starting PharmacyChorokApplication using Java 1.8.0_275 on funahae-mbp with PID 24169 (/Users/jaehoon.park/git/pharmacy-chorok/bin/main started by jaehoon.park in /Users/jaehoon.park/git/pharmacy-chorok)
[2021-03-04 20:17:26:821095][restartedMain] INFO  c.p.c.PharmacyChorokApplication - No active profile set, falling back to default profiles: default
[2021-03-04 20:17:28:823262][restartedMain] INFO  c.p.c.PharmacyChorokApplication - Started PharmacyChorokApplication in 2.504 seconds (JVM running for 823.495)
[2021-03-04 20:18:47:972][Test worker] INFO  c.p.c.PharmacyChorokApplicationTests - Starting PharmacyChorokApplicationTests using Java 1.8.0_275 on funahae-mbp with PID 24788 (started by jaehoon.park in /Users/jaehoon.park/git/pharmacy-chorok)
[2021-03-04 20:18:47:978][Test worker] INFO  c.p.c.PharmacyChorokApplicationTests - No active profile set, falling back to default profiles: default
[2021-03-04 20:18:50:4088][Test worker] INFO  c.p.c.PharmacyChorokApplicationTests - Started PharmacyChorokApplicationTests in 3.641 seconds (JVM running for 4.697)
[2021-03-04 20:30:08:1582912][restartedMain] INFO  c.p.c.PharmacyChorokApplication - Starting PharmacyChorokApplication using Java 1.8.0_275 on funahae-mbp with PID 24169 (/Users/jaehoon.park/git/pharmacy-chorok/bin/main started by jaehoon.park in /Users/jaehoon.park/git/pharmacy-chorok)
[2021-03-04 20:30:08:1582913][restartedMain] INFO  c.p.c.PharmacyChorokApplication - No active profile set, falling back to default profiles: default
[2021-03-04 20:30:09:1584637][restartedMain] INFO  c.p.c.PharmacyChorokApplication - Started PharmacyChorokApplication in 1.816 seconds (JVM running for 1584.871)
[2021-03-04 20:53:35:2990503][restartedMain] INFO  c.p.c.PharmacyChorokApplication - Starting PharmacyChorokApplication using Java 1.8.0_275 on funahae-mbp with PID 24169 (/Users/jaehoon.park/git/pharmacy-chorok/bin/main started by jaehoon.park in /Users/jaehoon.park/git/pharmacy-chorok)
[2021-03-04 20:53:35:2990505][restartedMain] INFO  c.p.c.PharmacyChorokApplication - No active profile set, falling back to default profiles: default
[2021-03-04 20:53:36:2991245][restartedMain] INFO  c.p.c.PharmacyChorokApplication - Started PharmacyChorokApplication in 0.955 seconds (JVM running for 2991.479)
[2021-03-04 20:54:55:3070502][restartedMain] INFO  c.p.c.PharmacyChorokApplication - Starting PharmacyChorokApplication using Java 1.8.0_275 on funahae-mbp with PID 24169 (/Users/jaehoon.park/git/pharmacy-chorok/bin/main started by jaehoon.park in /Users/jaehoon.park/git/pharmacy-chorok)
[2021-03-04 20:54:55:3070502][restartedMain] INFO  c.p.c.PharmacyChorokApplication - No active profile set, falling back to default profiles: default
[2021-03-04 20:54:56:3071362][restartedMain] INFO  c.p.c.PharmacyChorokApplication - Started PharmacyChorokApplication in 1.058 seconds (JVM running for 3071.596)
[2021-03-04 20:55:55:1281][restartedMain] INFO  c.p.c.PharmacyChorokApplication - Starting PharmacyChorokApplication using Java 1.8.0_275 on funahae-mbp with PID 25824 (/Users/jaehoon.park/git/pharmacy-chorok/bin/main started by jaehoon.park in /Users/jaehoon.park/git/pharmacy-chorok)
[2021-03-04 20:55:55:1288][restartedMain] INFO  c.p.c.PharmacyChorokApplication - No active profile set, falling back to default profiles: default
[2021-03-04 20:55:59:5241][restartedMain] INFO  c.p.c.PharmacyChorokApplication - Started PharmacyChorokApplication in 4.848 seconds (JVM running for 5.526)
[2021-03-04 20:56:21:1472][restartedMain] INFO  c.p.c.PharmacyChorokApplication - Starting PharmacyChorokApplication using Java 1.8.0_275 on funahae-mbp with PID 25833 (/Users/jaehoon.park/git/pharmacy-chorok/bin/main started by jaehoon.park in /Users/jaehoon.park/git/pharmacy-chorok)
[2021-03-04 20:56:21:1475][restartedMain] INFO  c.p.c.PharmacyChorokApplication - No active profile set, falling back to default profiles: default
[2021-03-04 20:56:26:5713][restartedMain] INFO  c.p.c.PharmacyChorokApplication - Started PharmacyChorokApplication in 5.3 seconds (JVM running for 5.975)
[2021-03-04 20:57:28:68256][restartedMain] INFO  c.p.c.PharmacyChorokApplication - Starting PharmacyChorokApplication using Java 1.8.0_275 on funahae-mbp with PID 25833 (/Users/jaehoon.park/git/pharmacy-chorok/bin/main started by jaehoon.park in /Users/jaehoon.park/git/pharmacy-chorok)
[2021-03-04 20:57:28:68257][restartedMain] INFO  c.p.c.PharmacyChorokApplication - No active profile set, falling back to default profiles: default
[2021-03-04 20:57:30:69698][restartedMain] INFO  c.p.c.PharmacyChorokApplication - Started PharmacyChorokApplication in 1.523 seconds (JVM running for 69.96)
[2021-03-04 21:00:57:1409][restartedMain] INFO  c.p.c.PharmacyChorokApplication - Starting PharmacyChorokApplication using Java 1.8.0_275 on funahae-mbp with PID 25935 (/Users/jaehoon.park/git/pharmacy-chorok/bin/main started by jaehoon.park in /Users/jaehoon.park/git/pharmacy-chorok)
[2021-03-04 21:00:57:1418][restartedMain] INFO  c.p.c.PharmacyChorokApplication - No active profile set, falling back to default profiles: default
[2021-03-04 21:01:02:5640][restartedMain] INFO  c.p.c.PharmacyChorokApplication - Started PharmacyChorokApplication in 5.219 seconds (JVM running for 5.973)
[2021-03-04 21:07:46:409754][restartedMain] INFO  c.p.c.PharmacyChorokApplication - Starting PharmacyChorokApplication using Java 1.8.0_275 on funahae-mbp with PID 25935 (/Users/jaehoon.park/git/pharmacy-chorok/bin/main started by jaehoon.park in /Users/jaehoon.park/git/pharmacy-chorok)
[2021-03-04 21:07:46:409755][restartedMain] INFO  c.p.c.PharmacyChorokApplication - No active profile set, falling back to default profiles: default
[2021-03-04 21:07:48:411639][restartedMain] INFO  c.p.c.PharmacyChorokApplication - Started PharmacyChorokApplication in 2.022 seconds (JVM running for 411.972)
[2021-03-04 21:09:13:497243][restartedMain] INFO  c.p.c.PharmacyChorokApplication - Starting PharmacyChorokApplication using Java 1.8.0_275 on funahae-mbp with PID 25935 (/Users/jaehoon.park/git/pharmacy-chorok/bin/main started by jaehoon.park in /Users/jaehoon.park/git/pharmacy-chorok)
[2021-03-04 21:09:13:497245][restartedMain] INFO  c.p.c.PharmacyChorokApplication - No active profile set, falling back to default profiles: default
[2021-03-04 21:09:14:498349][restartedMain] INFO  c.p.c.PharmacyChorokApplication - Started PharmacyChorokApplication in 1.363 seconds (JVM running for 498.682)
[2021-03-04 22:28:12:1203][restartedMain] INFO  c.p.c.PharmacyChorokApplication - Starting PharmacyChorokApplication using Java 1.8.0_275 on funahae-mbp with PID 891 (/Users/jaehoon.park/git/pharmacy-chorok/bin/main started by jaehoon.park in /Users/jaehoon.park/git/pharmacy-chorok)
[2021-03-04 22:28:12:1208][restartedMain] INFO  c.p.c.PharmacyChorokApplication - No active profile set, falling back to default profiles: default
[2021-03-04 22:28:16:5175][restartedMain] INFO  c.p.c.PharmacyChorokApplication - Started PharmacyChorokApplication in 4.822 seconds (JVM running for 5.474)
[2021-03-04 22:36:19:488257][restartedMain] INFO  c.p.c.PharmacyChorokApplication - Starting PharmacyChorokApplication using Java 1.8.0_275 on funahae-mbp with PID 891 (/Users/jaehoon.park/git/pharmacy-chorok/bin/main started by jaehoon.park in /Users/jaehoon.park/git/pharmacy-chorok)
[2021-03-04 22:36:19:488258][restartedMain] INFO  c.p.c.PharmacyChorokApplication - No active profile set, falling back to default profiles: default
[2021-03-04 22:36:20:489819][restartedMain] INFO  c.p.c.PharmacyChorokApplication - Started PharmacyChorokApplication in 1.662 seconds (JVM running for 490.118)
[2021-03-04 22:36:22:491366][restartedMain] INFO  c.p.c.PharmacyChorokApplication - Starting PharmacyChorokApplication using Java 1.8.0_275 on funahae-mbp with PID 891 (/Users/jaehoon.park/git/pharmacy-chorok/bin/main started by jaehoon.park in /Users/jaehoon.park/git/pharmacy-chorok)
[2021-03-04 22:36:22:491366][restartedMain] INFO  c.p.c.PharmacyChorokApplication - No active profile set, falling back to default profiles: default
[2021-03-04 22:36:23:492633][restartedMain] INFO  c.p.c.PharmacyChorokApplication - Started PharmacyChorokApplication in 1.324 seconds (JVM running for 492.932)
[2021-03-04 22:40:45:754487][restartedMain] INFO  c.p.c.PharmacyChorokApplication - Starting PharmacyChorokApplication using Java 1.8.0_275 on funahae-mbp with PID 891 (/Users/jaehoon.park/git/pharmacy-chorok/bin/main started by jaehoon.park in /Users/jaehoon.park/git/pharmacy-chorok)
[2021-03-04 22:40:45:754488][restartedMain] INFO  c.p.c.PharmacyChorokApplication - No active profile set, falling back to default profiles: default
[2021-03-04 22:40:47:756116][restartedMain] INFO  c.p.c.PharmacyChorokApplication - Started PharmacyChorokApplication in 1.786 seconds (JVM running for 756.415)
[2021-03-04 22:41:01:1139][Test worker] INFO  c.p.c.PharmacyChorokApplicationTests - Starting PharmacyChorokApplicationTests using Java 1.8.0_275 on funahae-mbp with PID 1297 (started by jaehoon.park in /Users/jaehoon.park/git/pharmacy-chorok)
[2021-03-04 22:41:01:1147][Test worker] INFO  c.p.c.PharmacyChorokApplicationTests - No active profile set, falling back to default profiles: default
[2021-03-04 22:41:04:4171][Test worker] INFO  c.p.c.PharmacyChorokApplicationTests - Started PharmacyChorokApplicationTests in 3.673 seconds (JVM running for 5.036)
[2021-03-04 22:41:27:1252][restartedMain] INFO  c.p.c.PharmacyChorokApplication - Starting PharmacyChorokApplication using Java 1.8.0_275 on funahae-mbp with PID 1365 (/Users/jaehoon.park/git/pharmacy-chorok/bin/main started by jaehoon.park in /Users/jaehoon.park/git/pharmacy-chorok)
[2021-03-04 22:41:27:1259][restartedMain] INFO  c.p.c.PharmacyChorokApplication - No active profile set, falling back to default profiles: default
[2021-03-04 22:41:31:4982][restartedMain] INFO  c.p.c.PharmacyChorokApplication - Started PharmacyChorokApplication in 4.576 seconds (JVM running for 5.308)
